2024-12-08 17:11:27,287  INFO [main] properties:45 - Name of the browser initialized: chrome
2024-12-08 17:11:27,289  INFO [main] properties:45 - Version of the browser:131.0.6778.109
2024-12-08 17:11:32,256  INFO [main] properties:45 -  Execution of the test case is Started: Test case is: LunchPageTest.launchScreenTitleTest()[pri:1, instance:Test.LunchPageTest@6f10d5b6]
2024-12-08 17:11:32,309  INFO [main] properties:45 -  Execution of the test case is Success Test case is: LunchPageTest.launchScreenTitleTest()[pri:1, instance:Test.LunchPageTest@6f10d5b6]
2024-12-08 17:11:32,315  INFO [main] properties:45 -  Execution of the test case is Started: Test case is: LunchPageTest.launchScreenMyAccountDropdownOptionsTitleTest()[pri:2, instance:Test.LunchPageTest@6f10d5b6]
2024-12-08 17:11:32,506  INFO [main] properties:45 -  Execution of the test case is Success Test case is: LunchPageTest.launchScreenMyAccountDropdownOptionsTitleTest()[pri:2, instance:Test.LunchPageTest@6f10d5b6]
2024-12-08 17:11:32,509  INFO [main] properties:45 -  Execution of the test case is Started: Test case is: LunchPageTest.loginScreenNavigationTest()[pri:3, instance:Test.LunchPageTest@6f10d5b6]
2024-12-08 17:11:32,522  INFO [main] properties:45 - Total no of web elements found: 2
2024-12-08 17:11:33,078  INFO [main] properties:45 - ----- Selected login button from launch screen, title found in the login screen Account Login ----- 
2024-12-08 17:11:33,079  INFO [main] properties:45 -  Execution of the test case is Success Test case is: LunchPageTest.loginScreenNavigationTest()[pri:3, instance:Test.LunchPageTest@6f10d5b6]
2024-12-08 17:11:33,085  INFO [main] properties:45 -  Execution of the test case is Started: Test case is: LoginPageTest.loginTest()[pri:4, instance:Test.LoginPageTest@7fd50002]
2024-12-08 17:11:34,264  INFO [main] properties:45 - ----- Logging in with second@gmail.com 12345 Title of the dashboard screen My Account
2024-12-08 17:11:34,264  INFO [main] properties:45 -  Execution of the test case is Success Test case is: LoginPageTest.loginTest()[pri:4, instance:Test.LoginPageTest@7fd50002]
2024-12-08 17:11:34,267  INFO [main] properties:45 -  Execution of the test case is Started: Test case is: MyAccountScreenTest.myAccountSectionLinksTitleTest()[pri:5, instance:Test.MyAccountScreenTest@533bda92]
2024-12-08 17:11:34,618  INFO [main] properties:45 -  Execution of the test case is Success Test case is: MyAccountScreenTest.myAccountSectionLinksTitleTest()[pri:5, instance:Test.MyAccountScreenTest@533bda92]
2024-12-08 17:11:34,621  INFO [main] properties:45 -  Execution of the test case is Started: Test case is: MyAccountScreenTest.profileScreenToHomeScreenNavigationTest()[pri:6, instance:Test.MyAccountScreenTest@533bda92]
2024-12-08 17:11:35,185  INFO [main] properties:45 -  Execution of the test case is Success Test case is: MyAccountScreenTest.profileScreenToHomeScreenNavigationTest()[pri:6, instance:Test.MyAccountScreenTest@533bda92]
2024-12-08 17:11:35,189  INFO [main] properties:45 -  Execution of the test case is Started: Test case is: HomeScreenTest.productDetailNavigationTest()[pri:7, instance:Test.HomeScreenTest@304bb45b]
2024-12-08 17:11:35,209  INFO [main] properties:45 - Total no of web elements found: 4
2024-12-08 17:11:36,192  INFO [main] properties:45 - Title of the element to be select is found null: stale element reference: stale element not found
  (Session info: chrome=131.0.6778.109)
For documentation on this error, please visit: https://www.selenium.dev/documentation/webdriver/troubleshooting/errors#stale-element-reference-exception
Build info: version: '4.22.0', revision: 'c5f3146703*'
System info: os.name: 'Windows 11', os.arch: 'amd64', os.version: '10.0', java.version: '22.0.1'
Driver info: org.openqa.selenium.chrome.ChromeDriver
Command: [b6f8e83dc687d72ce7ce701480d280a6, getElementText {id=f.E9DE80FF44AC2E92F3D758FFAD293BBF.d.DE4CA1CB0ADAEBB23B2D79D1D1BBC5DE.e.121}]
Capabilities {acceptInsecureCerts: false, browserName: chrome, browserVersion: 131.0.6778.109, chrome: {chromedriverVersion: 131.0.6778.87 (ce31cae94873..., userDataDir: C:\Users\yogi\AppData\Local...}, fedcm:accounts: true, goog:chromeOptions: {debuggerAddress: localhost:61288}, networkConnectionEnabled: false, pageLoadStrategy: normal, platformName: windows, proxy: Proxy(), se:cdp: ws://localhost:61288/devtoo..., se:cdpVersion: 131.0.6778.109, setWindowRect: true, strictFileInteractability: false, timeouts: {implicit: 0, pageLoad: 300000, script: 30000}, unhandledPromptBehavior: dismiss and notify, webauthn:extension:credBlob: true, webauthn:extension:largeBlob: true, webauthn:extension:minPinLength: true, webauthn:extension:prf: true, webauthn:virtualAuthenticators: true}
Element: [[ChromeDriver: chrome on windows (b6f8e83dc687d72ce7ce701480d280a6)] -> xpath: //div[@class='product-thumb transition']//h4//a]
Session ID: b6f8e83dc687d72ce7ce701480d280a6
2024-12-08 17:11:36,201  INFO [main] properties:45 -  Execution of the test case is Success Test case is: HomeScreenTest.productDetailNavigationTest()[pri:7, instance:Test.HomeScreenTest@304bb45b]
2024-12-08 17:11:36,204  INFO [main] properties:45 -  Execution of the test case is Started: Test case is: ProductDetailsTest.productImageLinksStatusCodeTest()[pri:8, instance:Test.ProductDetailsTest@723ca036]
2024-12-08 17:11:36,223  INFO [main] properties:45 - Total no of links found: 6
2024-12-08 17:11:36,245  INFO [main] properties:45 - Link: https://naveenautomationlabs.com/opencart/image/cache/catalog/demo/iphone_1-228x228.jpg
2024-12-08 17:11:36,254  INFO [main] properties:45 - Link: https://naveenautomationlabs.com/opencart/image/cache/catalog/demo/iphone_6-74x74.jpg
2024-12-08 17:11:36,262  INFO [main] properties:45 - Link: https://naveenautomationlabs.com/opencart/image/cache/catalog/demo/iphone_2-74x74.jpg
2024-12-08 17:11:36,275  INFO [main] properties:45 - Link: https://naveenautomationlabs.com/opencart/image/cache/catalog/demo/iphone_5-74x74.jpg
2024-12-08 17:11:36,285  INFO [main] properties:45 - Link: https://naveenautomationlabs.com/opencart/image/cache/catalog/demo/iphone_3-74x74.jpg
2024-12-08 17:11:36,293  INFO [main] properties:45 - Link: https://naveenautomationlabs.com/opencart/image/cache/catalog/demo/iphone_4-74x74.jpg
2024-12-08 17:11:36,313  INFO [main] properties:45 - Link: https://naveenautomationlabs.com/opencart/image/cache/catalog/demo/iphone_1-228x228.jpg
2024-12-08 17:11:37,244  INFO [main] properties:45 - Link: https://naveenautomationlabs.com/opencart/image/cache/catalog/demo/iphone_6-74x74.jpg
2024-12-08 17:11:37,474  INFO [main] properties:45 - Link: https://naveenautomationlabs.com/opencart/image/cache/catalog/demo/iphone_2-74x74.jpg
2024-12-08 17:11:37,705  INFO [main] properties:45 - Link: https://naveenautomationlabs.com/opencart/image/cache/catalog/demo/iphone_5-74x74.jpg
2024-12-08 17:11:37,963  INFO [main] properties:45 - Link: https://naveenautomationlabs.com/opencart/image/cache/catalog/demo/iphone_3-74x74.jpg
2024-12-08 17:11:38,287  INFO [main] properties:45 - Link: https://naveenautomationlabs.com/opencart/image/cache/catalog/demo/iphone_4-74x74.jpg
2024-12-08 17:11:38,603  INFO [main] properties:45 -  Execution of the test case is Success Test case is: ProductDetailsTest.productImageLinksStatusCodeTest()[pri:8, instance:Test.ProductDetailsTest@723ca036]
2024-12-08 17:11:38,862 DEBUG [main] cache:45 - Couldn't find template in cache for "spark/spark.spa.ftl"("en_IN", UTF-8, parsed); will try to load it.
2024-12-08 17:11:38,863 DEBUG [main] cache:45 - TemplateLoader.findTemplateSource("spark/spark.spa_en_IN.ftl"): Not found
2024-12-08 17:11:38,865 DEBUG [main] cache:45 - TemplateLoader.findTemplateSource("spark/spark.spa_en.ftl"): Not found
2024-12-08 17:11:38,866 DEBUG [main] cache:45 - TemplateLoader.findTemplateSource("spark/spark.spa.ftl"): Found
2024-12-08 17:11:38,867 DEBUG [main] cache:45 - Loading template for "spark/spark.spa.ftl"("en_IN", UTF-8, parsed) from "jar:file:/C:/Users/yogi/.m2/repository/com/aventstack/extentreports/5.1.2/extentreports-5.1.2.jar!/com/aventstack/extentreports/templates/spark/spark.spa.ftl"
2024-12-08 17:11:38,933 DEBUG [main] cache:45 - Couldn't find template in cache for "commons/commons-variables.ftl"("en_IN", UTF-8, parsed); will try to load it.
2024-12-08 17:11:38,934 DEBUG [main] cache:45 - TemplateLoader.findTemplateSource("commons/commons-variables_en_IN.ftl"): Not found
2024-12-08 17:11:38,935 DEBUG [main] cache:45 - TemplateLoader.findTemplateSource("commons/commons-variables_en.ftl"): Not found
2024-12-08 17:11:38,935 DEBUG [main] cache:45 - TemplateLoader.findTemplateSource("commons/commons-variables.ftl"): Found
2024-12-08 17:11:38,935 DEBUG [main] cache:45 - Loading template for "commons/commons-variables.ftl"("en_IN", UTF-8, parsed) from "jar:file:/C:/Users/yogi/.m2/repository/com/aventstack/extentreports/5.1.2/extentreports-5.1.2.jar!/com/aventstack/extentreports/templates/commons/commons-variables.ftl"
2024-12-08 17:11:39,027 DEBUG [main] cache:45 - Couldn't find template in cache for "commons/commons-macros.ftl"("en_IN", UTF-8, parsed); will try to load it.
2024-12-08 17:11:39,028 DEBUG [main] cache:45 - TemplateLoader.findTemplateSource("commons/commons-macros_en_IN.ftl"): Not found
2024-12-08 17:11:39,029 DEBUG [main] cache:45 - TemplateLoader.findTemplateSource("commons/commons-macros_en.ftl"): Not found
2024-12-08 17:11:39,030 DEBUG [main] cache:45 - TemplateLoader.findTemplateSource("commons/commons-macros.ftl"): Found
2024-12-08 17:11:39,030 DEBUG [main] cache:45 - Loading template for "commons/commons-macros.ftl"("en_IN", UTF-8, parsed) from "jar:file:/C:/Users/yogi/.m2/repository/com/aventstack/extentreports/5.1.2/extentreports-5.1.2.jar!/com/aventstack/extentreports/templates/commons/commons-macros.ftl"
2024-12-08 17:11:39,042 DEBUG [main] cache:45 - Couldn't find template in cache for "spark/macros/attributes.ftl"("en_IN", UTF-8, parsed); will try to load it.
2024-12-08 17:11:39,043 DEBUG [main] cache:45 - TemplateLoader.findTemplateSource("spark/macros/attributes_en_IN.ftl"): Not found
2024-12-08 17:11:39,044 DEBUG [main] cache:45 - TemplateLoader.findTemplateSource("spark/macros/attributes_en.ftl"): Not found
2024-12-08 17:11:39,045 DEBUG [main] cache:45 - TemplateLoader.findTemplateSource("spark/macros/attributes.ftl"): Found
2024-12-08 17:11:39,045 DEBUG [main] cache:45 - Loading template for "spark/macros/attributes.ftl"("en_IN", UTF-8, parsed) from "jar:file:/C:/Users/yogi/.m2/repository/com/aventstack/extentreports/5.1.2/extentreports-5.1.2.jar!/com/aventstack/extentreports/templates/spark/macros/attributes.ftl"
2024-12-08 17:11:39,048 DEBUG [main] cache:45 - Couldn't find template in cache for "spark/macros/log.ftl"("en_IN", UTF-8, parsed); will try to load it.
2024-12-08 17:11:39,049 DEBUG [main] cache:45 - TemplateLoader.findTemplateSource("spark/macros/log_en_IN.ftl"): Not found
2024-12-08 17:11:39,050 DEBUG [main] cache:45 - TemplateLoader.findTemplateSource("spark/macros/log_en.ftl"): Not found
2024-12-08 17:11:39,051 DEBUG [main] cache:45 - TemplateLoader.findTemplateSource("spark/macros/log.ftl"): Found
2024-12-08 17:11:39,052 DEBUG [main] cache:45 - Loading template for "spark/macros/log.ftl"("en_IN", UTF-8, parsed) from "jar:file:/C:/Users/yogi/.m2/repository/com/aventstack/extentreports/5.1.2/extentreports-5.1.2.jar!/com/aventstack/extentreports/templates/spark/macros/log.ftl"
2024-12-08 17:11:39,055 DEBUG [main] cache:45 - Couldn't find template in cache for "spark/macros/recurse_nodes.ftl"("en_IN", UTF-8, parsed); will try to load it.
2024-12-08 17:11:39,056 DEBUG [main] cache:45 - TemplateLoader.findTemplateSource("spark/macros/recurse_nodes_en_IN.ftl"): Not found
2024-12-08 17:11:39,057 DEBUG [main] cache:45 - TemplateLoader.findTemplateSource("spark/macros/recurse_nodes_en.ftl"): Not found
2024-12-08 17:11:39,058 DEBUG [main] cache:45 - TemplateLoader.findTemplateSource("spark/macros/recurse_nodes.ftl"): Found
2024-12-08 17:11:39,059 DEBUG [main] cache:45 - Loading template for "spark/macros/recurse_nodes.ftl"("en_IN", UTF-8, parsed) from "jar:file:/C:/Users/yogi/.m2/repository/com/aventstack/extentreports/5.1.2/extentreports-5.1.2.jar!/com/aventstack/extentreports/templates/spark/macros/recurse_nodes.ftl"
2024-12-08 17:11:39,066 DEBUG [main] cache:45 - "spark/macros/log.ftl"("en_IN", UTF-8, parsed) cached copy not yet stale; using cached.
2024-12-08 17:11:39,066 DEBUG [main] cache:45 - Couldn't find template in cache for "spark/macros/attr-common.ftl"("en_IN", UTF-8, parsed); will try to load it.
2024-12-08 17:11:39,067 DEBUG [main] cache:45 - TemplateLoader.findTemplateSource("spark/macros/attr-common_en_IN.ftl"): Not found
2024-12-08 17:11:39,068 DEBUG [main] cache:45 - TemplateLoader.findTemplateSource("spark/macros/attr-common_en.ftl"): Not found
2024-12-08 17:11:39,068 DEBUG [main] cache:45 - TemplateLoader.findTemplateSource("spark/macros/attr-common.ftl"): Found
2024-12-08 17:11:39,069 DEBUG [main] cache:45 - Loading template for "spark/macros/attr-common.ftl"("en_IN", UTF-8, parsed) from "jar:file:/C:/Users/yogi/.m2/repository/com/aventstack/extentreports/5.1.2/extentreports-5.1.2.jar!/com/aventstack/extentreports/templates/spark/macros/attr-common.ftl"
2024-12-08 17:11:39,075 DEBUG [main] cache:45 - Couldn't find template in cache for "spark/partials/head.ftl"("en_IN", UTF-8, parsed); will try to load it.
2024-12-08 17:11:39,076 DEBUG [main] cache:45 - TemplateLoader.findTemplateSource("spark/partials/head_en_IN.ftl"): Not found
2024-12-08 17:11:39,078 DEBUG [main] cache:45 - TemplateLoader.findTemplateSource("spark/partials/head_en.ftl"): Not found
2024-12-08 17:11:39,078 DEBUG [main] cache:45 - TemplateLoader.findTemplateSource("spark/partials/head.ftl"): Found
2024-12-08 17:11:39,079 DEBUG [main] cache:45 - Loading template for "spark/partials/head.ftl"("en_IN", UTF-8, parsed) from "jar:file:/C:/Users/yogi/.m2/repository/com/aventstack/extentreports/5.1.2/extentreports-5.1.2.jar!/com/aventstack/extentreports/templates/spark/partials/head.ftl"
2024-12-08 17:11:39,084 DEBUG [main] cache:45 - Couldn't find template in cache for "commons/commons-inject-css.ftl"("en_IN", UTF-8, parsed); will try to load it.
2024-12-08 17:11:39,085 DEBUG [main] cache:45 - TemplateLoader.findTemplateSource("commons/commons-inject-css_en_IN.ftl"): Not found
2024-12-08 17:11:39,086 DEBUG [main] cache:45 - TemplateLoader.findTemplateSource("commons/commons-inject-css_en.ftl"): Not found
2024-12-08 17:11:39,086 DEBUG [main] cache:45 - TemplateLoader.findTemplateSource("commons/commons-inject-css.ftl"): Found
2024-12-08 17:11:39,087 DEBUG [main] cache:45 - Loading template for "commons/commons-inject-css.ftl"("en_IN", UTF-8, parsed) from "jar:file:/C:/Users/yogi/.m2/repository/com/aventstack/extentreports/5.1.2/extentreports-5.1.2.jar!/com/aventstack/extentreports/templates/commons/commons-inject-css.ftl"
2024-12-08 17:11:39,089 DEBUG [main] cache:45 - Couldn't find template in cache for "spark/partials/navbar.ftl"("en_IN", UTF-8, parsed); will try to load it.
2024-12-08 17:11:39,089 DEBUG [main] cache:45 - TemplateLoader.findTemplateSource("spark/partials/navbar_en_IN.ftl"): Not found
2024-12-08 17:11:39,090 DEBUG [main] cache:45 - TemplateLoader.findTemplateSource("spark/partials/navbar_en.ftl"): Not found
2024-12-08 17:11:39,091 DEBUG [main] cache:45 - TemplateLoader.findTemplateSource("spark/partials/navbar.ftl"): Found
2024-12-08 17:11:39,091 DEBUG [main] cache:45 - Loading template for "spark/partials/navbar.ftl"("en_IN", UTF-8, parsed) from "jar:file:/C:/Users/yogi/.m2/repository/com/aventstack/extentreports/5.1.2/extentreports-5.1.2.jar!/com/aventstack/extentreports/templates/spark/partials/navbar.ftl"
2024-12-08 17:11:39,102 DEBUG [main] cache:45 - Couldn't find template in cache for "spark/partials/sidenav.ftl"("en_IN", UTF-8, parsed); will try to load it.
2024-12-08 17:11:39,105 DEBUG [main] cache:45 - TemplateLoader.findTemplateSource("spark/partials/sidenav_en_IN.ftl"): Not found
2024-12-08 17:11:39,107 DEBUG [main] cache:45 - TemplateLoader.findTemplateSource("spark/partials/sidenav_en.ftl"): Not found
2024-12-08 17:11:39,108 DEBUG [main] cache:45 - TemplateLoader.findTemplateSource("spark/partials/sidenav.ftl"): Found
2024-12-08 17:11:39,110 DEBUG [main] cache:45 - Loading template for "spark/partials/sidenav.ftl"("en_IN", UTF-8, parsed) from "jar:file:/C:/Users/yogi/.m2/repository/com/aventstack/extentreports/5.1.2/extentreports-5.1.2.jar!/com/aventstack/extentreports/templates/spark/partials/sidenav.ftl"
2024-12-08 17:11:39,136 DEBUG [main] cache:45 - Couldn't find template in cache for "spark/partials/test.ftl"("en_IN", UTF-8, parsed); will try to load it.
2024-12-08 17:11:39,137 DEBUG [main] cache:45 - TemplateLoader.findTemplateSource("spark/partials/test_en_IN.ftl"): Not found
2024-12-08 17:11:39,139 DEBUG [main] cache:45 - TemplateLoader.findTemplateSource("spark/partials/test_en.ftl"): Not found
2024-12-08 17:11:39,140 DEBUG [main] cache:45 - TemplateLoader.findTemplateSource("spark/partials/test.ftl"): Found
2024-12-08 17:11:39,141 DEBUG [main] cache:45 - Loading template for "spark/partials/test.ftl"("en_IN", UTF-8, parsed) from "jar:file:/C:/Users/yogi/.m2/repository/com/aventstack/extentreports/5.1.2/extentreports-5.1.2.jar!/com/aventstack/extentreports/templates/spark/partials/test.ftl"
2024-12-08 17:11:39,175 DEBUG [main] cache:45 - Couldn't find template in cache for "spark/partials/standard-content.ftl"("en_IN", UTF-8, parsed); will try to load it.
2024-12-08 17:11:39,176 DEBUG [main] cache:45 - TemplateLoader.findTemplateSource("spark/partials/standard-content_en_IN.ftl"): Not found
2024-12-08 17:11:39,177 DEBUG [main] cache:45 - TemplateLoader.findTemplateSource("spark/partials/standard-content_en.ftl"): Not found
2024-12-08 17:11:39,178 DEBUG [main] cache:45 - TemplateLoader.findTemplateSource("spark/partials/standard-content.ftl"): Found
2024-12-08 17:11:39,179 DEBUG [main] cache:45 - Loading template for "spark/partials/standard-content.ftl"("en_IN", UTF-8, parsed) from "jar:file:/C:/Users/yogi/.m2/repository/com/aventstack/extentreports/5.1.2/extentreports-5.1.2.jar!/com/aventstack/extentreports/templates/spark/partials/standard-content.ftl"
2024-12-08 17:11:39,188 DEBUG [main] cache:45 - "spark/partials/standard-content.ftl"("en_IN", UTF-8, parsed) cached copy not yet stale; using cached.
2024-12-08 17:11:39,191 DEBUG [main] cache:45 - "spark/partials/standard-content.ftl"("en_IN", UTF-8, parsed) cached copy not yet stale; using cached.
2024-12-08 17:11:39,194 DEBUG [main] cache:45 - "spark/partials/standard-content.ftl"("en_IN", UTF-8, parsed) cached copy not yet stale; using cached.
2024-12-08 17:11:39,197 DEBUG [main] cache:45 - "spark/partials/standard-content.ftl"("en_IN", UTF-8, parsed) cached copy not yet stale; using cached.
2024-12-08 17:11:39,199 DEBUG [main] cache:45 - "spark/partials/standard-content.ftl"("en_IN", UTF-8, parsed) cached copy not yet stale; using cached.
2024-12-08 17:11:39,202 DEBUG [main] cache:45 - "spark/partials/standard-content.ftl"("en_IN", UTF-8, parsed) cached copy not yet stale; using cached.
2024-12-08 17:11:39,205 DEBUG [main] cache:45 - "spark/partials/standard-content.ftl"("en_IN", UTF-8, parsed) cached copy not yet stale; using cached.
2024-12-08 17:11:39,207 DEBUG [main] cache:45 - Couldn't find template in cache for "spark/partials/exception.ftl"("en_IN", UTF-8, parsed); will try to load it.
2024-12-08 17:11:39,207 DEBUG [main] cache:45 - TemplateLoader.findTemplateSource("spark/partials/exception_en_IN.ftl"): Not found
2024-12-08 17:11:39,209 DEBUG [main] cache:45 - TemplateLoader.findTemplateSource("spark/partials/exception_en.ftl"): Not found
2024-12-08 17:11:39,210 DEBUG [main] cache:45 - TemplateLoader.findTemplateSource("spark/partials/exception.ftl"): Found
2024-12-08 17:11:39,211 DEBUG [main] cache:45 - Loading template for "spark/partials/exception.ftl"("en_IN", UTF-8, parsed) from "jar:file:/C:/Users/yogi/.m2/repository/com/aventstack/extentreports/5.1.2/extentreports-5.1.2.jar!/com/aventstack/extentreports/templates/spark/partials/exception.ftl"
2024-12-08 17:11:39,213 DEBUG [main] cache:45 - Couldn't find template in cache for "spark/partials/category.ftl"("en_IN", UTF-8, parsed); will try to load it.
2024-12-08 17:11:39,214 DEBUG [main] cache:45 - TemplateLoader.findTemplateSource("spark/partials/category_en_IN.ftl"): Not found
2024-12-08 17:11:39,214 DEBUG [main] cache:45 - TemplateLoader.findTemplateSource("spark/partials/category_en.ftl"): Not found
2024-12-08 17:11:39,215 DEBUG [main] cache:45 - TemplateLoader.findTemplateSource("spark/partials/category.ftl"): Found
2024-12-08 17:11:39,216 DEBUG [main] cache:45 - Loading template for "spark/partials/category.ftl"("en_IN", UTF-8, parsed) from "jar:file:/C:/Users/yogi/.m2/repository/com/aventstack/extentreports/5.1.2/extentreports-5.1.2.jar!/com/aventstack/extentreports/templates/spark/partials/category.ftl"
2024-12-08 17:11:39,217 DEBUG [main] cache:45 - Couldn't find template in cache for "spark/partials/device.ftl"("en_IN", UTF-8, parsed); will try to load it.
2024-12-08 17:11:39,218 DEBUG [main] cache:45 - TemplateLoader.findTemplateSource("spark/partials/device_en_IN.ftl"): Not found
2024-12-08 17:11:39,219 DEBUG [main] cache:45 - TemplateLoader.findTemplateSource("spark/partials/device_en.ftl"): Not found
2024-12-08 17:11:39,220 DEBUG [main] cache:45 - TemplateLoader.findTemplateSource("spark/partials/device.ftl"): Found
2024-12-08 17:11:39,221 DEBUG [main] cache:45 - Loading template for "spark/partials/device.ftl"("en_IN", UTF-8, parsed) from "jar:file:/C:/Users/yogi/.m2/repository/com/aventstack/extentreports/5.1.2/extentreports-5.1.2.jar!/com/aventstack/extentreports/templates/spark/partials/device.ftl"
2024-12-08 17:11:39,223 DEBUG [main] cache:45 - Couldn't find template in cache for "spark/partials/author.ftl"("en_IN", UTF-8, parsed); will try to load it.
2024-12-08 17:11:39,224 DEBUG [main] cache:45 - TemplateLoader.findTemplateSource("spark/partials/author_en_IN.ftl"): Not found
2024-12-08 17:11:39,225 DEBUG [main] cache:45 - TemplateLoader.findTemplateSource("spark/partials/author_en.ftl"): Not found
2024-12-08 17:11:39,226 DEBUG [main] cache:45 - TemplateLoader.findTemplateSource("spark/partials/author.ftl"): Found
2024-12-08 17:11:39,228 DEBUG [main] cache:45 - Loading template for "spark/partials/author.ftl"("en_IN", UTF-8, parsed) from "jar:file:/C:/Users/yogi/.m2/repository/com/aventstack/extentreports/5.1.2/extentreports-5.1.2.jar!/com/aventstack/extentreports/templates/spark/partials/author.ftl"
2024-12-08 17:11:39,230 DEBUG [main] cache:45 - Couldn't find template in cache for "spark/partials/log.ftl"("en_IN", UTF-8, parsed); will try to load it.
2024-12-08 17:11:39,231 DEBUG [main] cache:45 - TemplateLoader.findTemplateSource("spark/partials/log_en_IN.ftl"): Not found
2024-12-08 17:11:39,233 DEBUG [main] cache:45 - TemplateLoader.findTemplateSource("spark/partials/log_en.ftl"): Not found
2024-12-08 17:11:39,233 DEBUG [main] cache:45 - TemplateLoader.findTemplateSource("spark/partials/log.ftl"): Found
2024-12-08 17:11:39,234 DEBUG [main] cache:45 - Loading template for "spark/partials/log.ftl"("en_IN", UTF-8, parsed) from "jar:file:/C:/Users/yogi/.m2/repository/com/aventstack/extentreports/5.1.2/extentreports-5.1.2.jar!/com/aventstack/extentreports/templates/spark/partials/log.ftl"
2024-12-08 17:11:39,237 DEBUG [main] cache:45 - Couldn't find template in cache for "spark/partials/dashboard.ftl"("en_IN", UTF-8, parsed); will try to load it.
2024-12-08 17:11:39,238 DEBUG [main] cache:45 - TemplateLoader.findTemplateSource("spark/partials/dashboard_en_IN.ftl"): Not found
2024-12-08 17:11:39,239 DEBUG [main] cache:45 - TemplateLoader.findTemplateSource("spark/partials/dashboard_en.ftl"): Not found
2024-12-08 17:11:39,240 DEBUG [main] cache:45 - TemplateLoader.findTemplateSource("spark/partials/dashboard.ftl"): Found
2024-12-08 17:11:39,240 DEBUG [main] cache:45 - Loading template for "spark/partials/dashboard.ftl"("en_IN", UTF-8, parsed) from "jar:file:/C:/Users/yogi/.m2/repository/com/aventstack/extentreports/5.1.2/extentreports-5.1.2.jar!/com/aventstack/extentreports/templates/spark/partials/dashboard.ftl"
2024-12-08 17:11:39,317 DEBUG [main] cache:45 - Couldn't find template in cache for "spark/partials/scripts.ftl"("en_IN", UTF-8, parsed); will try to load it.
2024-12-08 17:11:39,318 DEBUG [main] cache:45 - TemplateLoader.findTemplateSource("spark/partials/scripts_en_IN.ftl"): Not found
2024-12-08 17:11:39,319 DEBUG [main] cache:45 - TemplateLoader.findTemplateSource("spark/partials/scripts_en.ftl"): Not found
2024-12-08 17:11:39,320 DEBUG [main] cache:45 - TemplateLoader.findTemplateSource("spark/partials/scripts.ftl"): Found
2024-12-08 17:11:39,321 DEBUG [main] cache:45 - Loading template for "spark/partials/scripts.ftl"("en_IN", UTF-8, parsed) from "jar:file:/C:/Users/yogi/.m2/repository/com/aventstack/extentreports/5.1.2/extentreports-5.1.2.jar!/com/aventstack/extentreports/templates/spark/partials/scripts.ftl"
2024-12-08 17:11:39,323 DEBUG [main] cache:45 - Couldn't find template in cache for "commons/commons-inject-js.ftl"("en_IN", UTF-8, parsed); will try to load it.
2024-12-08 17:11:39,325 DEBUG [main] cache:45 - TemplateLoader.findTemplateSource("commons/commons-inject-js_en_IN.ftl"): Not found
2024-12-08 17:11:39,326 DEBUG [main] cache:45 - TemplateLoader.findTemplateSource("commons/commons-inject-js_en.ftl"): Not found
2024-12-08 17:11:39,328 DEBUG [main] cache:45 - TemplateLoader.findTemplateSource("commons/commons-inject-js.ftl"): Found
2024-12-08 17:11:39,328 DEBUG [main] cache:45 - Loading template for "commons/commons-inject-js.ftl"("en_IN", UTF-8, parsed) from "jar:file:/C:/Users/yogi/.m2/repository/com/aventstack/extentreports/5.1.2/extentreports-5.1.2.jar!/com/aventstack/extentreports/templates/commons/commons-inject-js.ftl"
2024-12-08 17:11:39,347  INFO [main] properties:45 -  Execution is finished NopackageSun Dec 08 17:11:25 IST 2024Total no of test case Passed: [ResultMap map=[[TestResult name=loginScreenNavigationTest status=SUCCESS method=LunchPageTest.loginScreenNavigationTest()[pri:3, instance:Test.LunchPageTest@6f10d5b6] output={null}], [TestResult name=productImageLinksStatusCodeTest status=SUCCESS method=ProductDetailsTest.productImageLinksStatusCodeTest()[pri:8, instance:Test.ProductDetailsTest@723ca036] output={null}], [TestResult name=launchScreenTitleTest status=SUCCESS method=LunchPageTest.launchScreenTitleTest()[pri:1, instance:Test.LunchPageTest@6f10d5b6] output={null}], [TestResult name=launchScreenMyAccountDropdownOptionsTitleTest status=SUCCESS method=LunchPageTest.launchScreenMyAccountDropdownOptionsTitleTest()[pri:2, instance:Test.LunchPageTest@6f10d5b6] output={null}], [TestResult name=loginTest status=SUCCESS method=LoginPageTest.loginTest()[pri:4, instance:Test.LoginPageTest@7fd50002] output={null}], [TestResult name=profileScreenToHomeScreenNavigationTest status=SUCCESS method=MyAccountScreenTest.profileScreenToHomeScreenNavigationTest()[pri:6, instance:Test.MyAccountScreenTest@533bda92] output={null}], [TestResult name=productDetailNavigationTest status=SUCCESS method=HomeScreenTest.productDetailNavigationTest()[pri:7, instance:Test.HomeScreenTest@304bb45b] output={null}], [TestResult name=myAccountSectionLinksTitleTest status=SUCCESS method=MyAccountScreenTest.myAccountSectionLinksTitleTest()[pri:5, instance:Test.MyAccountScreenTest@533bda92] output={null}]]]
2024-12-08 17:11:39,348  INFO [main] properties:45 -  Execution is finished NopackageSun Dec 08 17:11:25 IST 2024Total no of test case failed: [ResultMap map=[]]
2024-12-08 17:11:39,348  INFO [main] properties:45 -  Execution is finished NopackageSun Dec 08 17:11:25 IST 2024Total no of test case Skipped: [ResultMap map=[]]
